??:??:?? **** Incremental Build of configuration Debug for project Watch ****
make all 
Building file: ../main.c
Invoking: AVR Compiler
avr-gcc -Wall -g2 -gstabs -O0 -fpack-struct -fshort-enums -ffunction-sections -fdata-sections -std=gnu99 -funsigned-char -funsigned-bitfields -mmcu=atmega16 -DF_CPU=1000000UL -MMD -MP -MF"main.d" -MT"main.o" -c -o "main.o" "../main.c"
../main.c:7:1: warning: "F_CPU" redefined
<command-line>: warning: this is the location of the previous definition
Finished building: ../main.c
 
Building target: Watch.elf
Invoking: AVR C Linker
avr-gcc -Wl,-Map,Watch.map -mmcu=atmega16 -o "Watch.elf"  ./DIO_Prog.o ./LCD_Prog.o ./TIMER0_Prog.o ./main.o   
Finished building target: Watch.elf
 
Invoking: AVR Create Extended Listing
avr-objdump -h -S Watch.elf  >"Watch.lss"
Finished building: Watch.lss
 
Create Flash image (ihex format)
avr-objcopy -R .eeprom -R .fuse -R .lock -R .signature -O ihex Watch.elf  "Watch.hex"
Finished building: Watch.hex
 
Invoking: Print Size
avr-size --format=avr --mcu=atmega16 Watch.elf
AVR Memory Usage
----------------
Device: atmega16

Program:   29396 bytes (179.4% Full)
(.text + .data + .bootloader)

Data:        299 bytes (29.2% Full)
(.data + .bss + .noinit)


Finished building: sizedummy
 

??:??:?? Build Finished. 0 errors, 1 warnings. (took 3s.35ms)

